#
# There is insufficient memory for the Java Runtime Environment to continue.
# Native memory allocation (malloc) failed to allocate 1048576 bytes for AllocateHeap
# Possible reasons:
#   The system is out of physical RAM or swap space
#   In 32 bit mode, the process size limit was hit
# Possible solutions:
#   Reduce memory load on the system
#   Increase physical memory or swap space
#   Check if swap backing store is full
#   Use 64 bit Java on a 64 bit OS
#   Decrease Java heap size (-Xmx/-Xms)
#   Decrease number of Java threads
#   Decrease Java thread stack sizes (-Xss)
#   Set larger code cache with -XX:ReservedCodeCacheSize=
# This output file may be truncated or incomplete.
#
#  Out of Memory Error (memory/allocation.inline.hpp:61), pid=55684, tid=0x0000000000008ae0
#
# JRE version:  (8.0_181-b13) (build )
# Java VM: Java HotSpot(TM) 64-Bit Server VM (25.181-b13 mixed mode windows-amd64 compressed oops)
# Failed to write core dump. Minidumps are not enabled by default on client versions of Windows
#

---------------  T H R E A D  ---------------

Current thread (0x0000000003185800):  JavaThread "Unknown thread" [_thread_in_vm, id=35552, stack(0x0000000002f80000,0x0000000003080000)]

Stack: [0x0000000002f80000,0x0000000003080000]
[error occurred during error reporting (printing stack bounds), id 0xc0000005]

Native frames: (J=compiled Java code, j=interpreted, Vv=VM code, C=native code)


---------------  P R O C E S S  ---------------

Java Threads: ( => current thread )

Other Threads:

=>0x0000000003185800 (exited) JavaThread "Unknown thread" [_thread_in_vm, id=35552, stack(0x0000000002f80000,0x0000000003080000)]

VM state:not at safepoint (normal execution)

VM Mutex/Monitor currently owned by a thread: None

Heap:
 PSYoungGen      total 38400K, used 665K [0x00000000d5b80000, 0x00000000d8600000, 0x0000000100000000)
  eden space 33280K, 2% used [0x00000000d5b80000,0x00000000d5c26670,0x00000000d7c00000)
  from space 5120K, 0% used [0x00000000d8100000,0x00000000d8100000,0x00000000d8600000)
  to   space 5120K, 0% used [0x00000000d7c00000,0x00000000d7c00000,0x00000000d8100000)
 ParOldGen       total 87552K, used 0K [0x0000000081200000, 0x0000000086780000, 0x00000000d5b80000)
  object space 87552K, 0% used [0x0000000081200000,0x0000000081200000,0x0000000086780000)
 Metaspace       used 775K, capacity 4480K, committed 4480K, reserved 1056768K
  class space    used 76K, capacity 384K, committed 384K, reserved 1048576K

Card table byte_map: [0x0000000012640000,0x0000000012a40000] byte_map_base: 0x0000000012237000

Marking Bits: (ParMarkBitMap*) 0x000000006eb22d00
 Begin Bits: [0x00000000134f0000, 0x00000000154a8000)
 End Bits:   [0x00000000154a8000, 0x0000000017460000)

Polling page: 0x0000000000d70000

CodeCache: size=245760Kb used=327Kb max_used=327Kb free=245432Kb
 bounds [0x0000000003280000, 0x00000000034f0000, 0x0000000012280000]
 total_blobs=57 nmethods=0 adapters=38
 compilation: enabled

Compilation events (0 events):
No events

GC Heap History (0 events):
No events

Deoptimization events (0 events):
No events

Classes redefined (0 events):
No events

Internal exceptions (0 events):
No events

Events (10 events):
Event: 0.109 loading class java/lang/Short
Event: 0.109 loading class java/lang/Short done
Event: 0.109 loading class java/lang/Integer
Event: 0.109 loading class java/lang/Integer done
Event: 0.109 loading class java/lang/Long
Event: 0.109 loading class java/lang/Long done
Event: 0.110 loading class java/lang/NullPointerException
Event: 0.110 loading class java/lang/NullPointerException done
Event: 0.110 loading class java/lang/ArithmeticException
Event: 0.110 loading class java/lang/ArithmeticException done


Dynamic libraries:
0x00007ff67d620000 - 0x00007ff67d657000 	D:\Program Files\Java\jdk1.8.0_181\bin\java.exe
0x00007ffe0c280000 - 0x00007ffe0c461000 	C:\WINDOWS\SYSTEM32\ntdll.dll
0x00007ffe0bee0000 - 0x00007ffe0bf92000 	C:\WINDOWS\System32\KERNEL32.DLL
0x00007ffe09490000 - 0x00007ffe09703000 	C:\WINDOWS\System32\KERNELBASE.dll
0x00007ffe0c1a0000 - 0x00007ffe0c241000 	C:\WINDOWS\System32\ADVAPI32.dll
0x00007ffe0bd70000 - 0x00007ffe0be0e000 	C:\WINDOWS\System32\msvcrt.dll
0x00007ffe0b9e0000 - 0x00007ffe0ba3b000 	C:\WINDOWS\System32\sechost.dll
0x00007ffe0bb90000 - 0x00007ffe0bcb4000 	C:\WINDOWS\System32\RPCRT4.dll
0x00007ffe09890000 - 0x00007ffe09a20000 	C:\WINDOWS\System32\USER32.dll
0x00007ffe093c0000 - 0x00007ffe093e0000 	C:\WINDOWS\System32\win32u.dll
0x00007ffe0ba40000 - 0x00007ffe0ba68000 	C:\WINDOWS\System32\GDI32.dll
0x00007ffe08650000 - 0x00007ffe087e2000 	C:\WINDOWS\System32\gdi32full.dll
0x00007ffe09060000 - 0x00007ffe090ff000 	C:\WINDOWS\System32\msvcp_win.dll
0x00007ffe087f0000 - 0x00007ffe088ea000 	C:\WINDOWS\System32\ucrtbase.dll
0x00007ffdffee0000 - 0x00007ffe00149000 	C:\WINDOWS\WinSxS\amd64_microsoft.windows.common-controls_6595b64144ccf1df_6.0.17134.345_none_fb429a5930656358\COMCTL32.dll
0x00007ffe09c20000 - 0x00007ffe09f43000 	C:\WINDOWS\System32\combase.dll
0x00007ffe09340000 - 0x00007ffe093ba000 	C:\WINDOWS\System32\bcryptPrimitives.dll
0x00007ffe0bb60000 - 0x00007ffe0bb8d000 	C:\WINDOWS\System32\IMM32.DLL
0x00007ffe08250000 - 0x00007ffe08339000 	C:\Windows\system32\guard64.dll
0x00007ffe08240000 - 0x00007ffe0824a000 	C:\WINDOWS\system32\version.dll
0x00007ffe09710000 - 0x00007ffe09861000 	C:\WINDOWS\System32\ole32.dll
0x00007ffe08590000 - 0x00007ffe0859a000 	C:\WINDOWS\System32\fltlib.dll
0x000000006ebb0000 - 0x000000006ec82000 	D:\Program Files\Java\jdk1.8.0_181\jre\bin\msvcr100.dll
0x000000006e300000 - 0x000000006eba2000 	D:\Program Files\Java\jdk1.8.0_181\jre\bin\server\jvm.dll
0x00007ffe09870000 - 0x00007ffe09878000 	C:\WINDOWS\System32\PSAPI.DLL
0x00007ffe004d0000 - 0x00007ffe004d9000 	C:\WINDOWS\SYSTEM32\WSOCK32.dll
0x00007ffe0be10000 - 0x00007ffe0be7c000 	C:\WINDOWS\System32\WS2_32.dll
0x00007ffe046a0000 - 0x00007ffe046c3000 	C:\WINDOWS\SYSTEM32\WINMM.dll
0x00007ffe045d0000 - 0x00007ffe045fa000 	C:\WINDOWS\SYSTEM32\WINMMBASE.dll
0x00007ffe092f0000 - 0x00007ffe09339000 	C:\WINDOWS\System32\cfgmgr32.dll
0x000000006e2f0000 - 0x000000006e2ff000 	D:\Program Files\Java\jdk1.8.0_181\jre\bin\verify.dll
0x000000006e2c0000 - 0x000000006e2e9000 	D:\Program Files\Java\jdk1.8.0_181\jre\bin\java.dll
0x000000006d420000 - 0x000000006d443000 	D:\Program Files\Java\jdk1.8.0_181\jre\bin\instrument.dll
0x000000006e2a0000 - 0x000000006e2b6000 	D:\Program Files\Java\jdk1.8.0_181\jre\bin\zip.dll

VM Arguments:
jvm_args: -javaagent:D:\Program Files\JetBrains\IntelliJ IDEA 2018.1.4\lib\idea_rt.jar=54935:D:\Program Files\JetBrains\IntelliJ IDEA 2018.1.4\bin -Dfile.encoding=UTF-8 
java_command: cn.tekin.springbootstartdiy.utils.MapProduce
java_class_path (initial): D:\Program Files\Java\jdk1.8.0_181\jre\lib\charsets.jar;D:\Program Files\Java\jdk1.8.0_181\jre\lib\deploy.jar;D:\Program Files\Java\jdk1.8.0_181\jre\lib\ext\access-bridge-64.jar;D:\Program Files\Java\jdk1.8.0_181\jre\lib\ext\cldrdata.jar;D:\Program Files\Java\jdk1.8.0_181\jre\lib\ext\dnsns.jar;D:\Program Files\Java\jdk1.8.0_181\jre\lib\ext\jaccess.jar;D:\Program Files\Java\jdk1.8.0_181\jre\lib\ext\jfxrt.jar;D:\Program Files\Java\jdk1.8.0_181\jre\lib\ext\localedata.jar;D:\Program Files\Java\jdk1.8.0_181\jre\lib\ext\nashorn.jar;D:\Program Files\Java\jdk1.8.0_181\jre\lib\ext\sunec.jar;D:\Program Files\Java\jdk1.8.0_181\jre\lib\ext\sunjce_provider.jar;D:\Program Files\Java\jdk1.8.0_181\jre\lib\ext\sunmscapi.jar;D:\Program Files\Java\jdk1.8.0_181\jre\lib\ext\sunpkcs11.jar;D:\Program Files\Java\jdk1.8.0_181\jre\lib\ext\zipfs.jar;D:\Program Files\Java\jdk1.8.0_181\jre\lib\javaws.jar;D:\Program Files\Java\jdk1.8.0_181\jre\lib\jce.jar;D:\Program Files\Java\jdk1.8.0_181\jre\lib\jfr.jar;D:\Program Files\Java\jdk1.8.0_181\jre\lib\jfxswt.jar;D:\Program Files\Java\jdk1.8.0_181\jre\lib\jsse.jar;D:\Program Files\Java\jdk1.8.0_181\jre\lib\management-agent.jar;D:\Program Files\Java\jdk1.8.0_181\jre\lib\plugin.jar;D:\Program Files\Java\jdk1.8.0_181\jre\lib\resources.jar;D:\Program Files\Java\jdk1.8.0_181\jre\lib\rt.jar;E:\JAVA\vlearn\spring-boot-start-diy\target\classes;C:\Users\Tekin\.m2\repository\org\springframework\boot\spring-boot-starter-web\1.5.18.BUILD-SNAPSHOT\spring-boot-starter-web-1.5.18.BUILD-20181029.110851-6.jar;C:\Users\Tekin\.m2\repository\org\springframework\boot\spring-boot-starter\1.5.18.BUILD-SNAPSHOT\spring-boot-starter-1.5.18.BUILD-20181029.110851-6.jar;C:\Users\Tekin\.m2\repository\org\springframework\boot\spring-boot\1.5.18.BUILD-SNAPSHOT\spring-boot-1.5.18.BUILD-20181029.110851-6.jar;C:\Users\Tekin\.m2\repository\org\springframework\boot\spring-boot-autoconfigure\1.5.18.BUILD-SNAPSHOT\spring-boot-autoconfigure-1.5.18.BUILD-2018102
Launcher Type: SUN_STANDARD

Environment Variables:
JAVA_HOME=D:\Program Files\Java\jdk1.8.0_181
CLASSPATH=.;D:\Program Files\Java\jdk1.8.0_181\lib\dt.jar;D:\Program Files\Java\jdk1.8.0_181\lib\tools.jar
PATH=C:\Program Files (x86)\Common Files\Oracle\Java\javapath;C:\WINDOWS\system32;C:\WINDOWS;C:\WINDOWS\System32\Wbem;C:\WINDOWS\System32\WindowsPowerShell\v1.0\;C:\Program Files\WIDCOMM\Bluetooth Software\;C:\Program Files\WIDCOMM\Bluetooth Software\syswow64;D:\Program Files\Git\cmd;D:\Program Files\Java\jdk1.8.0_162\bin;D:\Program Files\Java\jre1.8.0_162\bin;D:\Server\nodejs\npm;D:\Server\maven-3.5\bin;D:\Server\gradle\4.8\bin;D:\Server\Tools\chocolatey\bin;D:\Server\Tools\Composer\vendor\bin;D:\Program Files\TortoiseSVN\bin;D:\Server\php\php-7.2;D:\Server\Redis\;D:\Server\Tools\Yarn\bin\;D:\Server\Database\mysql-5.7-winx64\bin;D:\Server\Go\bin;C:\WINDOWS\System32\OpenSSH\;D:\Server\gogs;D:\Program Files\TortoiseGit\bin;D:\Program Files\nodejs\;D:\Program Files (x86)\Gpg4win\..\GnuPG\bin;D:\Server\Ruby25-x64\bin;C:\Program Files (x86)\Common Files\Oracle\Java\javapath;C:\WINDOWS\system32;C:\WINDOWS;C:\WINDOWS\System32\Wbem;C:\WINDOWS\System32\WindowsPowerShell\v1.0\;C:\Program Files\WIDCOMM\Bluetooth Software\;C:\Program Files\WIDCOMM\Bluetooth Software\syswow64;D:\Program Files\nodejs\;D:\Program Files\Git\cmd;D:\Program Files\Java\jdk1.8.0_162\bin;D:\Program Files\Java\jre1.8.0_162\bin;D:\Server\nodejs\npm;D:\Server\maven-3.5\bin;D:\Server\gradle\4.8\bin;D:\Server\Tools\chocolatey\bin;D:\Server\Tools\Composer\vendor\bin;D:\Program Files\TortoiseGit\bin;D:\Program Files\TortoiseSVN\bin;D:\Server\php\php-7.0;D:\Server\Redis\;D:\Program Files (x86)\Rational\common;D:\Server\Tools\Yarn\bin\;D:\Server\Database\mysql-5.7-winx64\bin;D:\Server\Go\bin;D:\Program Files (x86)\Gpg4win\..\GnuPG\bin;C:\WINDOWS\System32\OpenSSH\;D:\Program Files\Python\Python36\Scripts\;D:\Program Files\Python\Python36\;D:\Program Files\GitHubDesktop\bin;C:\Users\Tekin\AppData\Local\Microsoft\WindowsApps;D:\Program Files\Docker Toolbox;D:\Program Files\Fiddler;C:\Users\Tekin\AppData\Local\Yarn\bin;C:\Users\Tekin\go\bin;C:\Users\Tekin\AppData\Local\.meteor;C:\Users\Tekin\AppData\Roaming\npm
USERNAME=Tekin
OS=Windows_NT
PROCESSOR_IDENTIFIER=Intel64 Family 6 Model 30 Stepping 5, GenuineIntel



---------------  S Y S T E M  ---------------

OS: Windows 10.0 , 64 bit Build 17134 (10.0.17134.1)

CPU:total 8 (initial active 8) (4 cores per cpu, 2 threads per core) family 6 model 30 stepping 5, cmov, cx8, fxsr, mmx, sse, sse2, sse3, ssse3, sse4.1, sse4.2, popcnt, ht, tsc, tscinvbit

Memory: 4k page, physical 8314240k(699188k free), swap 16965116k(5180k free)

vm_info: Java HotSpot(TM) 64-Bit Server VM (25.181-b13) for windows-amd64 JRE (1.8.0_181-b13), built on Jul  7 2018 04:01:33 by "java_re" with MS VC++ 10.0 (VS2010)

time: Thu Nov 08 20:10:19 2018
elapsed time: 0 seconds (0d 0h 0m 0s)

